<?xml version="1.0" encoding="UTF-8"?>
<testng-results ignored="0" total="2" passed="2" failed="0" skipped="0">
  <reporter-output>
    <line>
      <![CDATA[openBrowser]]>
    </line>
    <line>
      <![CDATA[login]]>
    </line>
    <line>
      <![CDATA[CreateCustomer]]>
    </line>
    <line>
      <![CDATA[logout]]>
    </line>
    <line>
      <![CDATA[login]]>
    </line>
    <line>
      <![CDATA[DeleteCustomer]]>
    </line>
    <line>
      <![CDATA[logout]]>
    </line>
    <line>
      <![CDATA[closeBrowser]]>
    </line>
  </reporter-output>
  <suite started-at="2022-11-04T22:09:06 IST" name="Default suite" finished-at="2022-11-04T22:10:35 IST" duration-ms="88917">
    <groups>
    </groups>
    <test started-at="2022-11-04T22:09:06 IST" name="Default test" finished-at="2022-11-04T22:10:35 IST" duration-ms="88917">
      <class name="com.actitime.testscript.CustomerModule">
        <test-method is-config="true" signature="openBrowser()[pri:0, instance:com.actitime.testscript.CustomerModule@2c767a52]" started-at="2022-11-04T22:09:06 IST" name="openBrowser" finished-at="2022-11-04T22:09:09 IST" duration-ms="3043" status="PASS">
          <reporter-output>
            <line>
              <![CDATA[openBrowser]]>
            </line>
          </reporter-output>
        </test-method> <!-- openBrowser -->
        <test-method is-config="true" signature="login()[pri:0, instance:com.actitime.testscript.CustomerModule@2c767a52]" started-at="2022-11-04T22:09:09 IST" name="login" finished-at="2022-11-04T22:09:38 IST" duration-ms="28205" status="PASS">
          <reporter-output>
            <line>
              <![CDATA[login]]>
            </line>
          </reporter-output>
        </test-method> <!-- login -->
        <test-method signature="testCreateCustomer()[pri:0, instance:com.actitime.testscript.CustomerModule@2c767a52]" started-at="2022-11-04T22:09:38 IST" name="testCreateCustomer" finished-at="2022-11-04T22:10:01 IST" duration-ms="23517" status="PASS">
          <reporter-output>
            <line>
              <![CDATA[CreateCustomer]]>
            </line>
          </reporter-output>
        </test-method> <!-- testCreateCustomer -->
        <test-method is-config="true" signature="logout()[pri:0, instance:com.actitime.testscript.CustomerModule@2c767a52]" started-at="2022-11-04T22:10:01 IST" name="logout" finished-at="2022-11-04T22:10:03 IST" duration-ms="2171" status="PASS">
          <reporter-output>
            <line>
              <![CDATA[logout]]>
            </line>
          </reporter-output>
        </test-method> <!-- logout -->
        <test-method is-config="true" signature="login()[pri:0, instance:com.actitime.testscript.CustomerModule@2c767a52]" started-at="2022-11-04T22:10:03 IST" name="login" finished-at="2022-11-04T22:10:06 IST" duration-ms="2754" status="PASS">
          <reporter-output>
            <line>
              <![CDATA[login]]>
            </line>
          </reporter-output>
        </test-method> <!-- login -->
        <test-method signature="deleteCreateCustomer()[pri:1, instance:com.actitime.testscript.CustomerModule@2c767a52]" started-at="2022-11-04T22:10:06 IST" name="deleteCreateCustomer" finished-at="2022-11-04T22:10:28 IST" duration-ms="22340" status="PASS">
          <reporter-output>
            <line>
              <![CDATA[DeleteCustomer]]>
            </line>
          </reporter-output>
        </test-method> <!-- deleteCreateCustomer -->
        <test-method is-config="true" signature="logout()[pri:0, instance:com.actitime.testscript.CustomerModule@2c767a52]" started-at="2022-11-04T22:10:28 IST" name="logout" finished-at="2022-11-04T22:10:31 IST" duration-ms="2933" status="PASS">
          <reporter-output>
            <line>
              <![CDATA[logout]]>
            </line>
          </reporter-output>
        </test-method> <!-- logout -->
        <test-method is-config="true" signature="closeBrowser()[pri:0, instance:com.actitime.testscript.CustomerModule@2c767a52]" started-at="2022-11-04T22:10:31 IST" name="closeBrowser" finished-at="2022-11-04T22:10:35 IST" duration-ms="3898" status="PASS">
          <reporter-output>
            <line>
              <![CDATA[closeBrowser]]>
            </line>
          </reporter-output>
        </test-method> <!-- closeBrowser -->
      </class> <!-- com.actitime.testscript.CustomerModule -->
    </test> <!-- Default test -->
  </suite> <!-- Default suite -->
</testng-results>
