<?xml version="1.0" encoding="UTF-8"?>
<!-- Generated by org.testng.reporters.JUnitXMLReporter -->
<testsuite ignored="0" hostname="DESKTOP-K20H4JS" failures="0" tests="2" name="Default test" time="88.917" errors="0" timestamp="2022-11-04T22:10:35 IST">
  <testcase classname="com.actitime.testscript.CustomerModule" name="testCreateCustomer" time="23.517"/>
  <testcase classname="com.actitime.testscript.CustomerModule" name="deleteCreateCustomer" time="22.34"/>
</testsuite> <!-- Default test -->
